[2025-06-06T14:48:49.866682900+09:00[Asia/Seoul]] 호출된 메서드: sayHello()
[2025-06-06T14:48:49.880683100+09:00[Asia/Seoul]] 호출된 메서드: add()
[2025-06-06T14:48:49.892683600+09:00[Asia/Seoul]] 호출된 메서드: getWeather()
[2025-06-06T14:48:49.898684600+09:00[Asia/Seoul]] 호출된 메서드: getHeadline()
[2025-06-06T14:48:49.904683600+09:00[Asia/Seoul]] 호출된 메서드: multiply()
[2025-06-06T21:44:03.967309800+09:00[Asia/Seoul]] 호출된 메서드: sayHello()
[2025-06-06T22:09:36.094041800+09:00[Asia/Seoul]] 호출된 메서드: add()
[2025-06-06T22:09:39.256251300+09:00[Asia/Seoul]] 호출된 메서드: getWeather()
[2025-06-06T22:09:40.249036200+09:00[Asia/Seoul]] 호출된 메서드: getHeadline()
[2025-06-06T22:09:41.104510700+09:00[Asia/Seoul]] 호출된 메서드: multiply()
[2025-06-09T11:48:07.858720400+09:00[Asia/Seoul]] 호출된 메서드: toString()
[2025-06-09T11:48:11.635952400+09:00[Asia/Seoul]] 호출된 메서드: toString()
[2025-06-09T13:38:13.269965300+09:00[Asia/Seoul]] 호출된 메서드: sayHello()
[2025-06-09T13:38:13.291675400+09:00[Asia/Seoul]] 호출된 메서드: add()
[2025-06-09T13:38:13.309757600+09:00[Asia/Seoul]] 호출된 메서드: getWeather()
[2025-06-09T13:38:13.319544500+09:00[Asia/Seoul]] 호출된 메서드: getHeadline()
[2025-06-09T13:38:13.329148600+09:00[Asia/Seoul]] 호출된 메서드: multiply()
[2025-06-09T15:50:13.618252500+09:00[Asia/Seoul]] 호출된 메서드: hashCode()
[2025-06-09T15:50:13.614246300+09:00[Asia/Seoul]] 호출된 메서드: toString()
[2025-06-09T15:50:25.276823+09:00[Asia/Seoul]] 호출된 메서드: hashCode()
[2025-06-09T15:50:25.275827800+09:00[Asia/Seoul]] 호출된 메서드: toString()
[2025-06-09T15:53:38.132809800+09:00[Asia/Seoul]] 호출된 메서드: hashCode()
[2025-06-09T15:53:38.131784300+09:00[Asia/Seoul]] 호출된 메서드: toString()
[2025-06-09T16:10:18.397404700+09:00[Asia/Seoul]] 호출된 메서드: hashCode()
[2025-06-09T16:10:18.395899100+09:00[Asia/Seoul]] 호출된 메서드: toString()
[2025-06-09T16:06:51.542030600+09:00[Asia/Seoul]] 호출된 메서드: sayHello()
[2025-06-09T16:42:29.287280800+09:00[Asia/Seoul]] 호출된 메서드: sayHello()
[2025-06-09T16:46:58.559346700+09:00[Asia/Seoul]] 호출된 메서드: add()
